<?xml version="1.0" encoding="UTF-8"?>
<!-- Generated by org.testng.reporters.JUnitReportReporter -->
<testsuite hostname="LAPTOP-L3TO6RHS" name="ExtentsReports.ExtentsReports.TTC0ExtentsReports" tests="1" failures="0" timestamp="14 Dec 2017 15:04:12 GMT" time="4.790" errors="0">
  <testcase name="test1" time="4.790" classname="ExtentsReports.ExtentsReports.TTC0ExtentsReports"/>
</testsuite> <!-- ExtentsReports.ExtentsReports.TTC0ExtentsReports -->
